<?xml version="1.0" encoding="utf-8"?><testsuites><testsuite name="pytest" errors="0" failures="0" skipped="0" tests="10" time="280.117" timestamp="2024-11-04T10:02:09.840988+00:00" hostname="biobb-runners"><testcase classname="biobb_chemistry.test.unitests.test_acpype.test_acpype_params_ac.TestAcpypeParamsAC" name="test_params_ac" time="69.898" /><testcase classname="biobb_chemistry.test.unitests.test_acpype.test_acpype_params_cns.TestAcpypeParamsCNS" name="test_params_cns" time="69.017" /><testcase classname="biobb_chemistry.test.unitests.test_acpype.test_acpype_params_gmx.TestAcpypeParamsGMX" name="test_params_gmx" time="69.534" /><testcase classname="biobb_chemistry.test.unitests.test_acpype.test_acpype_params_gmx_opls.TestAcpypeParamsGMXOPLS" name="test_params_gmx_opls" time="69.827" /><testcase classname="biobb_chemistry.test.unitests.test_ambertools.test_reduce_add_hydrogens.TestReduceAddHydrogens" name="test_add_hydrogens" time="0.512" /><testcase classname="biobb_chemistry.test.unitests.test_ambertools.test_reduce_remove_hydrogens.TestReduceRemoveHydrogens" name="test_remove_hydrogens" time="0.087" /><testcase classname="biobb_chemistry.test.unitests.test_babel.test_babel_add_hydrogens.TestBabelAddHydrogens" name="test_add_hydrogens" time="0.212" /><testcase classname="biobb_chemistry.test.unitests.test_babel.test_babel_convert.TestBabelConvert" name="test_convert" time="0.094" /><testcase classname="biobb_chemistry.test.unitests.test_babel.test_babel_minimize.TestBabelMinimize" name="test_minimize" time="0.164" /><testcase classname="biobb_chemistry.test.unitests.test_babel.test_babel_remove_hydrogens.TestBabelRemoveHydrogens" name="test_remove_hydrogens" time="0.243" /></testsuite></testsuites>