<?xml version="1.0" encoding="utf-8"?><testsuites><testsuite name="pytest" errors="0" failures="0" skipped="0" tests="10" time="275.990" timestamp="2024-03-13T13:57:45.804780" hostname="biobb-runners"><testcase classname="biobb_chemistry.test.unitests.test_acpype.test_acpype_params_ac.TestAcpypeParamsAC" name="test_params_ac" time="68.810" /><testcase classname="biobb_chemistry.test.unitests.test_acpype.test_acpype_params_cns.TestAcpypeParamsCNS" name="test_params_cns" time="68.532" /><testcase classname="biobb_chemistry.test.unitests.test_acpype.test_acpype_params_gmx.TestAcpypeParamsGMX" name="test_params_gmx" time="68.339" /><testcase classname="biobb_chemistry.test.unitests.test_acpype.test_acpype_params_gmx_opls.TestAcpypeParamsGMXOPLS" name="test_params_gmx_opls" time="68.483" /><testcase classname="biobb_chemistry.test.unitests.test_ambertools.test_reduce_add_hydrogens.TestReduceAddHydrogens" name="test_add_hydrogens" time="0.492" /><testcase classname="biobb_chemistry.test.unitests.test_ambertools.test_reduce_remove_hydrogens.TestReduceRemoveHydrogens" name="test_remove_hydrogens" time="0.093" /><testcase classname="biobb_chemistry.test.unitests.test_babel.test_babel_add_hydrogens.TestBabelAddHydrogens" name="test_add_hydrogens" time="0.249" /><testcase classname="biobb_chemistry.test.unitests.test_babel.test_babel_convert.TestBabelConvert" name="test_convert" time="0.097" /><testcase classname="biobb_chemistry.test.unitests.test_babel.test_babel_minimize.TestBabelMinimize" name="test_minimize" time="0.158" /><testcase classname="biobb_chemistry.test.unitests.test_babel.test_babel_remove_hydrogens.TestBabelRemoveHydrogens" name="test_remove_hydrogens" time="0.250" /></testsuite></testsuites>