<?xml version="1.0" encoding="utf-8"?><testsuites><testsuite name="pytest" errors="0" failures="0" skipped="0" tests="10" time="286.033" timestamp="2024-10-17T09:40:32.405436+00:00" hostname="biobb-runners"><testcase classname="biobb_chemistry.test.unitests.test_acpype.test_acpype_params_ac.TestAcpypeParamsAC" name="test_params_ac" time="71.399" /><testcase classname="biobb_chemistry.test.unitests.test_acpype.test_acpype_params_cns.TestAcpypeParamsCNS" name="test_params_cns" time="70.875" /><testcase classname="biobb_chemistry.test.unitests.test_acpype.test_acpype_params_gmx.TestAcpypeParamsGMX" name="test_params_gmx" time="70.877" /><testcase classname="biobb_chemistry.test.unitests.test_acpype.test_acpype_params_gmx_opls.TestAcpypeParamsGMXOPLS" name="test_params_gmx_opls" time="71.025" /><testcase classname="biobb_chemistry.test.unitests.test_ambertools.test_reduce_add_hydrogens.TestReduceAddHydrogens" name="test_add_hydrogens" time="0.499" /><testcase classname="biobb_chemistry.test.unitests.test_ambertools.test_reduce_remove_hydrogens.TestReduceRemoveHydrogens" name="test_remove_hydrogens" time="0.078" /><testcase classname="biobb_chemistry.test.unitests.test_babel.test_babel_add_hydrogens.TestBabelAddHydrogens" name="test_add_hydrogens" time="0.235" /><testcase classname="biobb_chemistry.test.unitests.test_babel.test_babel_convert.TestBabelConvert" name="test_convert" time="0.095" /><testcase classname="biobb_chemistry.test.unitests.test_babel.test_babel_minimize.TestBabelMinimize" name="test_minimize" time="0.186" /><testcase classname="biobb_chemistry.test.unitests.test_babel.test_babel_remove_hydrogens.TestBabelRemoveHydrogens" name="test_remove_hydrogens" time="0.243" /></testsuite></testsuites>