<?xml version="1.0" encoding="utf-8"?><testsuites><testsuite name="pytest" errors="0" failures="0" skipped="0" tests="10" time="282.979" timestamp="2024-05-27T08:41:24.144108" hostname="biobb-runners"><testcase classname="biobb_chemistry.test.unitests.test_acpype.test_acpype_params_ac.TestAcpypeParamsAC" name="test_params_ac" time="70.090" /><testcase classname="biobb_chemistry.test.unitests.test_acpype.test_acpype_params_cns.TestAcpypeParamsCNS" name="test_params_cns" time="69.869" /><testcase classname="biobb_chemistry.test.unitests.test_acpype.test_acpype_params_gmx.TestAcpypeParamsGMX" name="test_params_gmx" time="70.276" /><testcase classname="biobb_chemistry.test.unitests.test_acpype.test_acpype_params_gmx_opls.TestAcpypeParamsGMXOPLS" name="test_params_gmx_opls" time="70.877" /><testcase classname="biobb_chemistry.test.unitests.test_ambertools.test_reduce_add_hydrogens.TestReduceAddHydrogens" name="test_add_hydrogens" time="0.501" /><testcase classname="biobb_chemistry.test.unitests.test_ambertools.test_reduce_remove_hydrogens.TestReduceRemoveHydrogens" name="test_remove_hydrogens" time="0.084" /><testcase classname="biobb_chemistry.test.unitests.test_babel.test_babel_add_hydrogens.TestBabelAddHydrogens" name="test_add_hydrogens" time="0.256" /><testcase classname="biobb_chemistry.test.unitests.test_babel.test_babel_convert.TestBabelConvert" name="test_convert" time="0.100" /><testcase classname="biobb_chemistry.test.unitests.test_babel.test_babel_minimize.TestBabelMinimize" name="test_minimize" time="0.181" /><testcase classname="biobb_chemistry.test.unitests.test_babel.test_babel_remove_hydrogens.TestBabelRemoveHydrogens" name="test_remove_hydrogens" time="0.244" /></testsuite></testsuites>